<?xml version="1.0" encoding="UTF-8"?>
<testng-results skipped="0" failed="1" ignored="6" total="7" passed="0">
  <reporter-output>
  </reporter-output>
  <suite name="Default suite" duration-ms="14857" started-at="2017-11-08T13:33:30Z" finished-at="2017-11-08T13:33:44Z">
    <groups>
    </groups>
    <test name="Default test" duration-ms="14857" started-at="2017-11-08T13:33:30Z" finished-at="2017-11-08T13:33:44Z">
      <class name="com.ipomo.test.Ipomorooms">
        <test-method status="PASS" signature="setUp()[pri:0, instance:com.ipomo.test.Ipomorooms@5442a311]" name="setUp" is-config="true" duration-ms="11966" started-at="2017-11-08T19:03:30Z" finished-at="2017-11-08T19:03:42Z">
          <reporter-output>
          </reporter-output>
        </test-method> <!-- setUp -->
        <test-method status="FAIL" signature="dimenstionTest()[pri:0, instance:com.ipomo.test.Ipomorooms@5442a311]" name="dimenstionTest" duration-ms="62" started-at="2017-11-08T19:03:42Z" finished-at="2017-11-08T19:03:42Z">
          <exception class="org.openqa.selenium.InvalidSelectorException">
            <message>
              <![CDATA[Argument was an invalid selector (e.g. XPath/CSS). (WARNING: The server did not provide any stacktrace information)
Command duration or timeout: 31 milliseconds
For documentation on this error, please visit: http://seleniumhq.org/exceptions/invalid_selector_exception.html
Build info: version: 'unknown', revision: 'unknown', time: 'unknown'
System info: host: 'IPOMO-PC2', ip: '192.168.88.24', os.name: 'Windows 8.1', os.arch: 'amd64', os.version: '6.3', java.version: '1.8.0_151'
Driver info: org.openqa.selenium.remote.RemoteWebDriver
Capabilities [{appPackage=com.ipomo.room, deviceScreenSize=null, networkConnectionEnabled=true, noReset=true, warnings={}, databaseEnabled=false, version=4.2.2, fullReset=false, deviceName=QO3A07C00021, platform=LINUX, deviceUDID=QO3A07C00021, appActivity=com.ipomo.room.TWEEK, desired={appPackage=com.ipomo.room, appActivity=com.ipomo.room.TWEEK, noReset=true, platformName=Android, version=4.2.2, fullReset=false, deviceName=T00940X56X}, platformVersion=4.2.2, webStorageEnabled=false, locationContextEnabled=false, takesScreenshot=true, javascriptEnabled=true, deviceModel=C2305, platformName=Android, deviceManufacturer=Sony}]
Session ID: 5062eb13-3c2b-4fee-adb5-f3417d104dfd
*** Element info: {Using=xpath, value=//android.widget.RelativeLayout[@index = '3']/android.widget.ImageView[index = '2]}]]>
            </message>
            <full-stacktrace>
              <![CDATA[org.openqa.selenium.InvalidSelectorException: Argument was an invalid selector (e.g. XPath/CSS). (WARNING: The server did not provide any stacktrace information)
Command duration or timeout: 31 milliseconds
For documentation on this error, please visit: http://seleniumhq.org/exceptions/invalid_selector_exception.html
Build info: version: 'unknown', revision: 'unknown', time: 'unknown'
System info: host: 'IPOMO-PC2', ip: '192.168.88.24', os.name: 'Windows 8.1', os.arch: 'amd64', os.version: '6.3', java.version: '1.8.0_151'
Driver info: org.openqa.selenium.remote.RemoteWebDriver
Capabilities [{appPackage=com.ipomo.room, deviceScreenSize=null, networkConnectionEnabled=true, noReset=true, warnings={}, databaseEnabled=false, version=4.2.2, fullReset=false, deviceName=QO3A07C00021, platform=LINUX, deviceUDID=QO3A07C00021, appActivity=com.ipomo.room.TWEEK, desired={appPackage=com.ipomo.room, appActivity=com.ipomo.room.TWEEK, noReset=true, platformName=Android, version=4.2.2, fullReset=false, deviceName=T00940X56X}, platformVersion=4.2.2, webStorageEnabled=false, locationContextEnabled=false, takesScreenshot=true, javascriptEnabled=true, deviceModel=C2305, platformName=Android, deviceManufacturer=Sony}]
Session ID: 5062eb13-3c2b-4fee-adb5-f3417d104dfd
*** Element info: {Using=xpath, value=//android.widget.RelativeLayout[@index = '3']/android.widget.ImageView[index = '2]}
	at sun.reflect.NativeConstructorAccessorImpl.newInstance0(Native Method)
	at sun.reflect.NativeConstructorAccessorImpl.newInstance(Unknown Source)
	at sun.reflect.DelegatingConstructorAccessorImpl.newInstance(Unknown Source)
	at java.lang.reflect.Constructor.newInstance(Unknown Source)
	at org.openqa.selenium.remote.ErrorHandler.createThrowable(ErrorHandler.java:215)
	at org.openqa.selenium.remote.ErrorHandler.throwIfResponseFailed(ErrorHandler.java:167)
	at org.openqa.selenium.remote.RemoteWebDriver.execute(RemoteWebDriver.java:671)
	at org.openqa.selenium.remote.RemoteWebDriver.findElement(RemoteWebDriver.java:410)
	at org.openqa.selenium.remote.RemoteWebDriver.findElementByXPath(RemoteWebDriver.java:509)
	at org.openqa.selenium.By$ByXPath.findElement(By.java:361)
	at org.openqa.selenium.remote.RemoteWebDriver.findElement(RemoteWebDriver.java:402)
	at com.ipomo.test.Ipomorooms.dimenstionTest(Ipomorooms.java:153)
	at sun.reflect.NativeMethodAccessorImpl.invoke0(Native Method)
	at sun.reflect.NativeMethodAccessorImpl.invoke(Unknown Source)
	at sun.reflect.DelegatingMethodAccessorImpl.invoke(Unknown Source)
	at java.lang.reflect.Method.invoke(Unknown Source)
	at org.testng.internal.MethodInvocationHelper.invokeMethod(MethodInvocationHelper.java:108)
	at org.testng.internal.Invoker.invokeMethod(Invoker.java:669)
	at org.testng.internal.Invoker.invokeTestMethod(Invoker.java:877)
	at org.testng.internal.Invoker.invokeTestMethods(Invoker.java:1201)
	at org.testng.internal.TestMethodWorker.invokeTestMethods(TestMethodWorker.java:125)
	at org.testng.internal.TestMethodWorker.run(TestMethodWorker.java:109)
	at org.testng.TestRunner.privateRun(TestRunner.java:776)
	at org.testng.TestRunner.run(TestRunner.java:634)
	at org.testng.SuiteRunner.runTest(SuiteRunner.java:425)
	at org.testng.SuiteRunner.runSequentially(SuiteRunner.java:420)
	at org.testng.SuiteRunner.privateRun(SuiteRunner.java:385)
	at org.testng.SuiteRunner.run(SuiteRunner.java:334)
	at org.testng.SuiteRunnerWorker.runSuite(SuiteRunnerWorker.java:52)
	at org.testng.SuiteRunnerWorker.run(SuiteRunnerWorker.java:86)
	at org.testng.TestNG.runSuitesSequentially(TestNG.java:1318)
	at org.testng.TestNG.runSuitesLocally(TestNG.java:1243)
	at org.testng.TestNG.runSuites(TestNG.java:1161)
	at org.testng.TestNG.run(TestNG.java:1129)
	at org.testng.remote.AbstractRemoteTestNG.run(AbstractRemoteTestNG.java:114)
	at org.testng.remote.RemoteTestNG.initAndRun(RemoteTestNG.java:251)
	at org.testng.remote.RemoteTestNG.main(RemoteTestNG.java:77)
]]>
            </full-stacktrace>
          </exception> <!-- org.openqa.selenium.InvalidSelectorException -->
          <reporter-output>
          </reporter-output>
        </test-method> <!-- dimenstionTest -->
        <test-method status="PASS" signature="End()[pri:0, instance:com.ipomo.test.Ipomorooms@5442a311]" name="End" is-config="true" duration-ms="2813" started-at="2017-11-08T19:03:42Z" finished-at="2017-11-08T19:03:44Z">
          <reporter-output>
          </reporter-output>
        </test-method> <!-- End -->
      </class> <!-- com.ipomo.test.Ipomorooms -->
    </test> <!-- Default test -->
  </suite> <!-- Default suite -->
</testng-results>
